-------------------------------------------------------------------------------
Test set: edu.cornell.cs6156.CodeSpecCoverageTest
-------------------------------------------------------------------------------
Tests run: 1, Failures: 0, Errors: 1, Skipped: 0, Time elapsed: 0.001 s <<< FAILURE! - in edu.cornell.cs6156.CodeSpecCoverageTest
test(edu.cornell.cs6156.CodeSpecCoverageTest)  Time elapsed: 0 s  <<< ERROR!
java.lang.NoClassDefFoundError: Could not initialize class mop.MultiSpec_1RuntimeMonitor
	at edu.cornell.cs6156.CodeSpecCoverageTest.test(CodeSpecCoverageTest.java:13)

