<?xml version="1.0" encoding="UTF-8"?>
<testsuite xmlns:xsi="http://www.w3.org/2001/XMLSchema-instance" xsi:noNamespaceSchemaLocation="https://maven.apache.org/surefire/maven-surefire-plugin/xsd/surefire-test-report.xsd" name="edu.cornell.cs6156.CodeCoverageTest" time="0.217" tests="3" errors="3" skipped="0" failures="0">
  <properties>
[...]
</properties>
  <testcase name="violation" classname="edu.cornell.cs6156.CodeCoverageTest" time="0.085">
    <error type="java.lang.ExceptionInInitializerError">java.lang.ExceptionInInitializerError
	at edu.cornell.cs6156.CodeCoverageTest.setup(CodeCoverageTest.java:19)
Caused by: java.lang.NullPointerException
	at edu.cornell.cs6156.CodeCoverageTest.setup(CodeCoverageTest.java:19)
</error>
    <system-err><![CDATA[[AbstractH2TraceDB] Set dbFilePath to: /home/valeria/Projects/test-traces/.traces/tracedb
java.sql.SQLException: No suitable driver found for jdbc:h2:/home/valeria/Projects/test-traces/.traces/tracedb;DB_CLOSE_DELAY=-1;DB_CLOSE_ON_EXIT=FALSE;DEFRAG_ALWAYS=TRUE;LOB_TIMEOUT=30000000;CACHE_SIZE=2048000
	at java.sql.DriverManager.getConnection(DriverManager.java:689)
	at java.sql.DriverManager.getConnection(DriverManager.java:247)
	at com.runtimeverification.rvmonitor.java.rt.util.AbstractH2TraceDB.getConnection(AbstractH2TraceDB.java:81)
	at com.runtimeverification.rvmonitor.java.rt.util.AbstractH2TraceDB.<init>(AbstractH2TraceDB.java:37)
	at com.runtimeverification.rvmonitor.java.rt.util.TraceDBH2Normalized.<init>(TraceDBH2Normalized.java:32)
	at com.runtimeverification.rvmonitor.java.rt.observable.MonitorTraceCollector.getTraceDB(MonitorTraceCollector.java:113)
	at com.runtimeverification.rvmonitor.java.rt.observable.MonitorTraceCollector.<init>(MonitorTraceCollector.java:46)
	at com.runtimeverification.rvmonitor.java.rt.observable.AllMonitorTraceCollector.<init>(AllMonitorTraceCollector.java:25)
	at com.runtimeverification.rvmonitor.java.rt.observable.UniqueMonitorTraceCollector.<init>(UniqueMonitorTraceCollector.java:21)
	at mop.MultiSpec_1RuntimeMonitor.<clinit>(MultiSpec_1RuntimeMonitor.java:768)
	at mop.ByteArrayOutputStream_FlushBeforeRetrieveMonitorAspect.ajc$afterReturning$mop_ByteArrayOutputStream_FlushBeforeRetrieveMonitorAspect$6$d5dfaa31(ByteArrayOutputStream_FlushBeforeRetrieveMonitorAspect.aj:48)
	at edu.cornell.cs6156.CodeCoverage.<init>(CodeCoverage.java:14)
	at edu.cornell.cs6156.CodeCoverageTest.setup(CodeCoverageTest.java:19)
	at sun.reflect.NativeMethodAccessorImpl.invoke0(Native Method)
	at sun.reflect.NativeMethodAccessorImpl.invoke(NativeMethodAccessorImpl.java:62)
	at sun.reflect.DelegatingMethodAccessorImpl.invoke(DelegatingMethodAccessorImpl.java:43)
	at java.lang.reflect.Method.invoke(Method.java:498)
	at org.junit.runners.model.FrameworkMethod$1.runReflectiveCall(FrameworkMethod.java:47)
	at org.junit.internal.runners.model.ReflectiveCallable.run(ReflectiveCallable.java:12)
	at org.junit.runners.model.FrameworkMethod.invokeExplosively(FrameworkMethod.java:44)
	at org.junit.internal.runners.statements.RunBefores.evaluate(RunBefores.java:24)
	at org.junit.runners.ParentRunner.runLeaf(ParentRunner.java:271)
	at org.junit.runners.BlockJUnit4ClassRunner.runChild(BlockJUnit4ClassRunner.java:70)
	at org.junit.runners.BlockJUnit4ClassRunner.runChild(BlockJUnit4ClassRunner.java:50)
	at org.junit.runners.ParentRunner$3.run(ParentRunner.java:238)
	at org.junit.runners.ParentRunner$1.schedule(ParentRunner.java:63)
	at org.junit.runners.ParentRunner.runChildren(ParentRunner.java:236)
	at org.junit.runners.ParentRunner.access$000(ParentRunner.java:53)
	at org.junit.runners.ParentRunner$2.evaluate(ParentRunner.java:229)
	at org.junit.runners.ParentRunner.run(ParentRunner.java:309)
	at org.apache.maven.surefire.junit4.JUnit4Provider.execute(JUnit4Provider.java:365)
	at org.apache.maven.surefire.junit4.JUnit4Provider.executeWithRerun(JUnit4Provider.java:273)
	at org.apache.maven.surefire.junit4.JUnit4Provider.executeTestSet(JUnit4Provider.java:238)
	at org.apache.maven.surefire.junit4.JUnit4Provider.invoke(JUnit4Provider.java:159)
	at org.apache.maven.surefire.booter.ForkedBooter.invokeProviderInSameClassLoader(ForkedBooter.java:384)
	at org.apache.maven.surefire.booter.ForkedBooter.runSuitesInProcess(ForkedBooter.java:345)
	at org.apache.maven.surefire.booter.ForkedBooter.execute(ForkedBooter.java:126)
	at org.apache.maven.surefire.booter.ForkedBooter.main(ForkedBooter.java:418)
SQLState: 08001
Error Code: 0
Message: No suitable driver found for jdbc:h2:/home/valeria/Projects/test-traces/.traces/tracedb;DB_CLOSE_DELAY=-1;DB_CLOSE_ON_EXIT=FALSE;DEFRAG_ALWAYS=TRUE;LOB_TIMEOUT=30000000;CACHE_SIZE=2048000
java.sql.SQLException: No suitable driver found for jdbc:h2:/home/valeria/Projects/test-traces/.traces/tracedb;DB_CLOSE_DELAY=-1;DB_CLOSE_ON_EXIT=FALSE;DEFRAG_ALWAYS=TRUE;LOB_TIMEOUT=30000000;CACHE_SIZE=2048000
	at java.sql.DriverManager.getConnection(DriverManager.java:689)
	at java.sql.DriverManager.getConnection(DriverManager.java:247)
	at com.runtimeverification.rvmonitor.java.rt.util.AbstractH2TraceDB.getConnection(AbstractH2TraceDB.java:81)
	at com.runtimeverification.rvmonitor.java.rt.util.TraceDBH2Normalized.createTable(TraceDBH2Normalized.java:171)
	at com.runtimeverification.rvmonitor.java.rt.observable.MonitorTraceCollector.<init>(MonitorTraceCollector.java:48)
	at com.runtimeverification.rvmonitor.java.rt.observable.AllMonitorTraceCollector.<init>(AllMonitorTraceCollector.java:25)
	at com.runtimeverification.rvmonitor.java.rt.observable.UniqueMonitorTraceCollector.<init>(UniqueMonitorTraceCollector.java:21)
	at mop.MultiSpec_1RuntimeMonitor.<clinit>(MultiSpec_1RuntimeMonitor.java:768)
	at mop.ByteArrayOutputStream_FlushBeforeRetrieveMonitorAspect.ajc$afterReturning$mop_ByteArrayOutputStream_FlushBeforeRetrieveMonitorAspect$6$d5dfaa31(ByteArrayOutputStream_FlushBeforeRetrieveMonitorAspect.aj:48)
	at edu.cornell.cs6156.CodeCoverage.<init>(CodeCoverage.java:14)
	at edu.cornell.cs6156.CodeCoverageTest.setup(CodeCoverageTest.java:19)
	at sun.reflect.NativeMethodAccessorImpl.invoke0(Native Method)
	at sun.reflect.NativeMethodAccessorImpl.invoke(NativeMethodAccessorImpl.java:62)
	at sun.reflect.DelegatingMethodAccessorImpl.invoke(DelegatingMethodAccessorImpl.java:43)
	at java.lang.reflect.Method.invoke(Method.java:498)
	at org.junit.runners.model.FrameworkMethod$1.runReflectiveCall(FrameworkMethod.java:47)
	at org.junit.internal.runners.model.ReflectiveCallable.run(ReflectiveCallable.java:12)
	at org.junit.runners.model.FrameworkMethod.invokeExplosively(FrameworkMethod.java:44)
	at org.junit.internal.runners.statements.RunBefores.evaluate(RunBefores.java:24)
	at org.junit.runners.ParentRunner.runLeaf(ParentRunner.java:271)
	at org.junit.runners.BlockJUnit4ClassRunner.runChild(BlockJUnit4ClassRunner.java:70)
	at org.junit.runners.BlockJUnit4ClassRunner.runChild(BlockJUnit4ClassRunner.java:50)
	at org.junit.runners.ParentRunner$3.run(ParentRunner.java:238)
	at org.junit.runners.ParentRunner$1.schedule(ParentRunner.java:63)
	at org.junit.runners.ParentRunner.runChildren(ParentRunner.java:236)
	at org.junit.runners.ParentRunner.access$000(ParentRunner.java:53)
	at org.junit.runners.ParentRunner$2.evaluate(ParentRunner.java:229)
	at org.junit.runners.ParentRunner.run(ParentRunner.java:309)
	at org.apache.maven.surefire.junit4.JUnit4Provider.execute(JUnit4Provider.java:365)
	at org.apache.maven.surefire.junit4.JUnit4Provider.executeWithRerun(JUnit4Provider.java:273)
	at org.apache.maven.surefire.junit4.JUnit4Provider.executeTestSet(JUnit4Provider.java:238)
	at org.apache.maven.surefire.junit4.JUnit4Provider.invoke(JUnit4Provider.java:159)
	at org.apache.maven.surefire.booter.ForkedBooter.invokeProviderInSameClassLoader(ForkedBooter.java:384)
	at org.apache.maven.surefire.booter.ForkedBooter.runSuitesInProcess(ForkedBooter.java:345)
	at org.apache.maven.surefire.booter.ForkedBooter.execute(ForkedBooter.java:126)
	at org.apache.maven.surefire.booter.ForkedBooter.main(ForkedBooter.java:418)
SQLState: 08001
Error Code: 0
Message: No suitable driver found for jdbc:h2:/home/valeria/Projects/test-traces/.traces/tracedb;DB_CLOSE_DELAY=-1;DB_CLOSE_ON_EXIT=FALSE;DEFRAG_ALWAYS=TRUE;LOB_TIMEOUT=30000000;CACHE_SIZE=2048000
]]></system-err>
  </testcase>
  <testcase name="lineCoverage" classname="edu.cornell.cs6156.CodeCoverageTest" time="0.001">
    <error message="Could not initialize class mop.MultiSpec_1RuntimeMonitor" type="java.lang.NoClassDefFoundError">java.lang.NoClassDefFoundError: Could not initialize class mop.MultiSpec_1RuntimeMonitor
	at edu.cornell.cs6156.CodeCoverageTest.setup(CodeCoverageTest.java:19)
</error>
  </testcase>
  <testcase name="moreLineCoverage" classname="edu.cornell.cs6156.CodeCoverageTest" time="0.001">
    <error message="Could not initialize class mop.MultiSpec_1RuntimeMonitor" type="java.lang.NoClassDefFoundError">java.lang.NoClassDefFoundError: Could not initialize class mop.MultiSpec_1RuntimeMonitor
	at edu.cornell.cs6156.CodeCoverageTest.setup(CodeCoverageTest.java:19)
</error>
  </testcase>
</testsuite>