<?xml version="1.0" encoding="UTF-8"?>
<testsuite xmlns:xsi="http://www.w3.org/2001/XMLSchema-instance" xsi:noNamespaceSchemaLocation="https://maven.apache.org/surefire/maven-surefire-plugin/xsd/surefire-test-report.xsd" name="edu.cornell.cs6156.CodeSpecCoverageTest" time="0.001" tests="1" errors="1" skipped="0" failures="0">
  <properties>
[...]
</properties>
  <testcase name="test" classname="edu.cornell.cs6156.CodeSpecCoverageTest" time="0">
    <error message="Could not initialize class mop.MultiSpec_1RuntimeMonitor" type="java.lang.NoClassDefFoundError">java.lang.NoClassDefFoundError: Could not initialize class mop.MultiSpec_1RuntimeMonitor
	at edu.cornell.cs6156.CodeSpecCoverageTest.test(CodeSpecCoverageTest.java:13)
</error>
  </testcase>
</testsuite>